This is pdfTeX, Version 3.14159265-2.6-1.40.17 (MiKTeX 2.9.6210 64-bit) (preloaded format=pdflatex 2017.3.31)  19 AUG 2017 08:28
entering extended mode
**./Introduction.tex
(Introduction.tex
LaTeX2e <2017/01/01> patch level 1
Babel <3.9r> and hyphenation patterns for 75 language(s) loaded.
\@input{../0_Format.aux}
! I can't write on file `../0_Format.aux'.
\@include ...\immediate \openout \@partaux #1.aux 
                                                  \immediate \write \@partau...
l.2 \include{../0_Format}
                         
Please type another output file name
! Emergency stop.
\@include ...\immediate \openout \@partaux #1.aux 
                                                  \immediate \write \@partau...
l.2 \include{../0_Format}
                         
*** (job aborted, file error in nonstop mode)

 
Here is how much of TeX's memory you used:
 8 strings out of 493333
 123 string characters out of 3139200
 53255 words of memory out of 3000000
 3636 multiletter control sequences out of 15000+200000
 3640 words of font info for 14 fonts, out of 3000000 for 9000
 1141 hyphenation exceptions out of 8191
 9i,0n,4p,43b,14s stack positions out of 5000i,500n,10000p,200000b,50000s
!  ==> Fatal error occurred, no output PDF file produced!
